2024-06-26 16:18:34.722328: I tensorflow/core/util/port.cc:113] oneDNN custom operations are on. You may see slightly different numerical results due to floating-point round-off errors from different computation orders. To turn them off, set the environment variable `TF_ENABLE_ONEDNN_OPTS=0`.
2024-06-26 16:18:34.917473: I external/local_tsl/tsl/cuda/cudart_stub.cc:31] Could not find cuda drivers on your machine, GPU will not be used.
2024-06-26 16:18:36.035494: E external/local_xla/xla/stream_executor/cuda/cuda_dnn.cc:9261] Unable to register cuDNN factory: Attempting to register factory for plugin cuDNN when one has already been registered
2024-06-26 16:18:36.035551: E external/local_xla/xla/stream_executor/cuda/cuda_fft.cc:607] Unable to register cuFFT factory: Attempting to register factory for plugin cuFFT when one has already been registered
2024-06-26 16:18:36.271236: E external/local_xla/xla/stream_executor/cuda/cuda_blas.cc:1515] Unable to register cuBLAS factory: Attempting to register factory for plugin cuBLAS when one has already been registered
2024-06-26 16:18:36.674063: I external/local_tsl/tsl/cuda/cudart_stub.cc:31] Could not find cuda drivers on your machine, GPU will not be used.
2024-06-26 16:18:36.674952: I tensorflow/core/platform/cpu_feature_guard.cc:182] This TensorFlow binary is optimized to use available CPU instructions in performance-critical operations.
To enable the following instructions: AVX2 AVX512F AVX512_VNNI FMA, in other operations, rebuild TensorFlow with the appropriate compiler flags.
2024-06-26 16:18:38.996783: W tensorflow/compiler/tf2tensorrt/utils/py_utils.cc:38] TF-TRT Warning: Could not find TensorRT
Running FullCPMultistepDesignExpts_blue_ridge_ntrain_init32_steps5_nseed1_lmbda8.0_reg0.01_depth2
Using 92 order-2 features
Loading estimated measurement noise SD computed using order 7 and significance level 0.01
start time :  2024-06-26 16:18:44
seed =  0
   step =  1
Traceback (most recent call last):
  File "/home/drewprinster/GitHub/conformal-mfcs/bash_scripts/../run_FullCP_MFCS_expts.py", line 122, in <module>
    exset, _  = ex.get_confidence_set(Xtrain_nxp, ytrain_n, Xtest_1xp, lmbda, alpha=alpha)
                ^^^^^^^^^^^^^^^^^^^^^^^^^^^^^^^^^^^^^^^^^^^^^^^^^^^^^^^^^^^^^^^^^^^^^^^^^^
  File "/home/drewprinster/GitHub/conformal-mfcs/calibrate_DesignExperiments.py", line 619, in get_confidence_set
    scoresloo_n1xy, w_n1xy = self.get_loo_scores_and_lrs(Xaug_n1xp, ytrain_n, lmbda, n_step_curr=n_step_curr)
                             ^^^^^^^^^^^^^^^^^^^^^^^^^^^^^^^^^^^^^^^^^^^^^^^^^^^^^^^^^^^^^^^^^^^^^^^^^^^^^^^^
  File "/home/drewprinster/GitHub/conformal-mfcs/calibrate_DesignExperiments.py", line 758, in get_loo_scores_and_lrs
    scoresloo_n1xy, _ = self.compute_loo_scores_and_lrs(Xaug_n1xp, ytrain_n, lmbda, compute_lrs=False)
                        ^^^^^^^^^^^^^^^^^^^^^^^^^^^^^^^^^^^^^^^^^^^^^^^^^^^^^^^^^^^^^^^^^^^^^^^^^^^^^^
TypeError: ConformalRidge.compute_loo_scores_and_lrs() got an unexpected keyword argument 'compute_lrs'
